0 info it worked if it ends with ok
1 verbose cli [ 'C:\\Program Files\\nodejs\\node.exe',
1 verbose cli   'C:\\Program Files\\nodejs\\node_modules\\npm\\bin\\npm-cli.js',
1 verbose cli   'run',
1 verbose cli   'build' ]
2 info using npm@3.10.3
3 info using node@v6.5.0
4 verbose run-script [ 'prebuild', 'build', 'postbuild' ]
5 info lifecycle run-all-gulps@1.1.7~prebuild: run-all-gulps@1.1.7
6 silly lifecycle run-all-gulps@1.1.7~prebuild: no script for prebuild, continuing
7 info lifecycle run-all-gulps@1.1.7~build: run-all-gulps@1.1.7
8 verbose lifecycle run-all-gulps@1.1.7~build: unsafe-perm in lifecycle true
9 verbose lifecycle run-all-gulps@1.1.7~build: PATH: C:\Program Files\nodejs\node_modules\npm\bin\node-gyp-bin;C:\wamp\www\gitprojects\buntin-ads\node_modules\.bin;C:\Program Files\nodejs;C:\Program Files\Git\mingw64\bin;C:\Program Files\Git\usr\bin;C:\Users\Josh\bin;C:\Program Files\Docker\Docker\Resources\bin;C:\Program Files\ImageMagick-6.9.2-Q16;C:\WINDOWS\system32;C:\WINDOWS;C:\WINDOWS\System32\Wbem;C:\WINDOWS\System32\WindowsPowerShell\v1.0;C:\Program Files\TortoiseSVN\bin;C:\Program Files\Git\cmd;C:\Program Files\Git\mingw64\bin;C:\Program Files\Git\usr\bin;C:\Program Files (x86)\PuTTY;C:\Program Files\Microsoft\Web Platform Installer;C:\Program Files\Microsoft SQL Server\120\Tools\Binn;C:\Program Files (x86)\Windows Kits\10\Windows Performance Toolkit;C:\Program Files\Microsoft SQL Server\130\Tools\Binn;C:\Program Files\dotnet;C:\Program Files\nodejs;C:\wamp\bin\php\php5.5.12;C:\ProgramData\ComposerSetup\bin;C:\Program Files\Amazon\AWSCLI;C:\HashiCorp\Vagrant\bin;C:\Users\Josh\Anaconda3;C:\Users\Josh\Anaconda3\Scripts;C:\Users\Josh\Anaconda3\Library\bin;C:\Users\Josh\Anaconda2;C:\Users\Josh\Anaconda2\Scripts;C:\Users\Josh\Anaconda2\Library\bin;C:\Users\Josh\AppData\Local\Programs\Python\Launcher;C:\Ruby21-x64\bin;C:\Ruby187\bin;C:\Users\Josh\appdata\local\scoop\shims;C:\Users\Josh\AppData\Local\atom\bin;C:\Program Files\Oracle\VirtualBox;C:\Users\Josh\AppData\Roaming\npm;C:\Users\Josh\AppData\Local\Microsoft\WindowsApps;C:\Users\Josh\AppData\Roaming\Composer\vendor\bin
10 verbose lifecycle run-all-gulps@1.1.7~build: CWD: C:\wamp\www\gitprojects\buntin-ads
11 silly lifecycle run-all-gulps@1.1.7~build: Args: [ '/d /s /c',
11 silly lifecycle   'gulp && npm run zip && gulp rename && npm run mvZip && gulp zip' ]
12 silly lifecycle run-all-gulps@1.1.7~build: Returned: code: 1  signal: null
13 info lifecycle run-all-gulps@1.1.7~build: Failed to exec build script
14 verbose stack Error: run-all-gulps@1.1.7 build: `gulp && npm run zip && gulp rename && npm run mvZip && gulp zip`
14 verbose stack Exit status 1
14 verbose stack     at EventEmitter.<anonymous> (C:\Program Files\nodejs\node_modules\npm\lib\utils\lifecycle.js:242:16)
14 verbose stack     at emitTwo (events.js:106:13)
14 verbose stack     at EventEmitter.emit (events.js:191:7)
14 verbose stack     at ChildProcess.<anonymous> (C:\Program Files\nodejs\node_modules\npm\lib\utils\spawn.js:40:14)
14 verbose stack     at emitTwo (events.js:106:13)
14 verbose stack     at ChildProcess.emit (events.js:191:7)
14 verbose stack     at maybeClose (internal/child_process.js:877:16)
14 verbose stack     at Process.ChildProcess._handle.onexit (internal/child_process.js:226:5)
15 verbose pkgid run-all-gulps@1.1.7
16 verbose cwd C:\wamp\www\gitprojects\buntin-ads
17 error Windows_NT 10.0.14393
18 error argv "C:\\Program Files\\nodejs\\node.exe" "C:\\Program Files\\nodejs\\node_modules\\npm\\bin\\npm-cli.js" "run" "build"
19 error node v6.5.0
20 error npm  v3.10.3
21 error code ELIFECYCLE
22 error run-all-gulps@1.1.7 build: `gulp && npm run zip && gulp rename && npm run mvZip && gulp zip`
22 error Exit status 1
23 error Failed at the run-all-gulps@1.1.7 build script 'gulp && npm run zip && gulp rename && npm run mvZip && gulp zip'.
23 error Make sure you have the latest version of node.js and npm installed.
23 error If you do, this is most likely a problem with the run-all-gulps package,
23 error not with npm itself.
23 error Tell the author that this fails on your system:
23 error     gulp && npm run zip && gulp rename && npm run mvZip && gulp zip
23 error You can get information on how to open an issue for this project with:
23 error     npm bugs run-all-gulps
23 error Or if that isn't available, you can get their info via:
23 error     npm owner ls run-all-gulps
23 error There is likely additional logging output above.
24 verbose exit [ 1, true ]
